<?xml version="1.0" encoding="UTF-8"?>
<testsuite xmlns:xsi="http://www.w3.org/2001/XMLSchema-instance" xsi:noNamespaceSchemaLocation="https://maven.apache.org/surefire/maven-surefire-plugin/xsd/surefire-test-report.xsd" name="com.programming.test.TestTelephoneCallRouter" time="0.446" tests="5" errors="0" skipped="0" failures="0">
  <properties>
[...]
</properties>
  <testcase name="test_expect_cheap_price_from_operatorA_when_phonePrefix_is_1" classname="com.programming.test.TestTelephoneCallRouter" time="0.41"/>
  <testcase name="test_expect_cheap_price_from_operatorA_when_phonePrefix_is_46732_and_467" classname="com.programming.test.TestTelephoneCallRouter" time="0"/>
  <testcase name="test_expect_cheap_price_from_operatorA_when_phonePrefix_is_46" classname="com.programming.test.TestTelephoneCallRouter" time="0"/>
  <testcase name="test_expect_cheap_price_from_operatorB_when_phonePrefix_is_44" classname="com.programming.test.TestTelephoneCallRouter" time="0.001"/>
  <testcase name="test_expect_no_price_from_both_operator_when_phonePrefix_is_not_in_list_in_operators" classname="com.programming.test.TestTelephoneCallRouter" time="0.001"/>
</testsuite>